<?xml version="1.0" encoding="UTF-8"?>
<robot generator="Robot 5.0.1 (Python 3.10.6 on win32)" generated="20221028 10:32:34.229" rpa="false" schemaversion="3">
<suite id="s1" name="Form" source="C:\Users\RX UPA\Desktop\Gbj\Curso\QA\Qa01\Robot\Formulario01\suites\form\form.robot">
<test id="s1-t1" name="TC01 - Preenchendo formulario itera" line="7">
<kw name="Acessar o site" library="setup_teardow" type="SETUP">
<kw name="Dado que eu acesse site Itera" library="form_page">
<kw name="Open Browser" library="SeleniumLibrary">
<arg>${geral.URL}</arg>
<arg>${geral.Browser}</arg>
<doc>Opens a new browser instance to the optional ``url``.</doc>
<msg timestamp="20221028 10:32:35.675" level="INFO">Opening browser 'chrome' to base url 'https://itera-qa.azurewebsites.net/home/automation'.</msg>
<status status="PASS" starttime="20221028 10:32:35.667" endtime="20221028 10:32:43.519"/>
</kw>
<status status="PASS" starttime="20221028 10:32:35.663" endtime="20221028 10:32:43.519"/>
</kw>
<status status="PASS" starttime="20221028 10:32:35.662" endtime="20221028 10:32:43.519"/>
</kw>
<kw name="Dado que eu preencha os campos" library="form_page">
<kw name="Wait Until Element Is Visible" library="SeleniumLibrary">
<arg>${formVar.Input_nome}</arg>
<arg>10</arg>
<doc>Waits until the element ``locator`` is visible.</doc>
<status status="PASS" starttime="20221028 10:32:43.521" endtime="20221028 10:32:43.615"/>
</kw>
<kw name="Input Text" library="SeleniumLibrary">
<arg>${formVar.Input_nome}</arg>
<arg>Gabriel</arg>
<doc>Types the given ``text`` into the text field identified by ``locator``.</doc>
<msg timestamp="20221028 10:32:43.616" level="INFO">Typing text 'Gabriel' into text field '//input[@id="name"]'.</msg>
<status status="PASS" starttime="20221028 10:32:43.615" endtime="20221028 10:32:43.893"/>
</kw>
<kw name="Wait Until Element Is Visible" library="SeleniumLibrary">
<arg>${formVar.Input_phone}</arg>
<arg>10</arg>
<doc>Waits until the element ``locator`` is visible.</doc>
<status status="PASS" starttime="20221028 10:32:43.893" endtime="20221028 10:32:44.015"/>
</kw>
<kw name="Input Text" library="SeleniumLibrary">
<arg>${formVar.Input_phone}</arg>
<arg>8695652134</arg>
<doc>Types the given ``text`` into the text field identified by ``locator``.</doc>
<msg timestamp="20221028 10:32:44.018" level="INFO">Typing text '8695652134' into text field '//input[@id="phone"]'.</msg>
<status status="PASS" starttime="20221028 10:32:44.015" endtime="20221028 10:32:45.135"/>
</kw>
<kw name="Wait Until Element Is Visible" library="SeleniumLibrary">
<arg>${formVar.Input_email}</arg>
<arg>10</arg>
<doc>Waits until the element ``locator`` is visible.</doc>
<status status="PASS" starttime="20221028 10:32:45.135" endtime="20221028 10:32:45.464"/>
</kw>
<kw name="Input Text" library="SeleniumLibrary">
<arg>${formVar.Input_email}</arg>
<arg>gabriel@gabriel.com</arg>
<doc>Types the given ``text`` into the text field identified by ``locator``.</doc>
<msg timestamp="20221028 10:32:45.469" level="INFO">Typing text 'gabriel@gabriel.com' into text field '//input[@id="email"]'.</msg>
<status status="PASS" starttime="20221028 10:32:45.465" endtime="20221028 10:32:46.320"/>
</kw>
<kw name="Wait Until Element Is Visible" library="SeleniumLibrary">
<arg>${formVar.Input_password}</arg>
<arg>10</arg>
<doc>Waits until the element ``locator`` is visible.</doc>
<status status="PASS" starttime="20221028 10:32:46.322" endtime="20221028 10:32:46.436"/>
</kw>
<kw name="Input Text" library="SeleniumLibrary">
<arg>${formVar.Input_password}</arg>
<arg>sdfsfsdfsdfsdf5sfsd1</arg>
<doc>Types the given ``text`` into the text field identified by ``locator``.</doc>
<msg timestamp="20221028 10:32:46.440" level="INFO">Typing text 'sdfsfsdfsdfsdf5sfsd1' into text field '//input[@id="password"]'.</msg>
<status status="PASS" starttime="20221028 10:32:46.438" endtime="20221028 10:32:46.708"/>
</kw>
<kw name="Wait Until Element Is Visible" library="SeleniumLibrary">
<arg>${formVar.Textarea_address}</arg>
<arg>10</arg>
<doc>Waits until the element ``locator`` is visible.</doc>
<status status="PASS" starttime="20221028 10:32:46.708" endtime="20221028 10:32:46.760"/>
</kw>
<kw name="Input Text" library="SeleniumLibrary">
<arg>${formVar.Textarea_address}</arg>
<arg>tudo aqui do texto</arg>
<doc>Types the given ``text`` into the text field identified by ``locator``.</doc>
<msg timestamp="20221028 10:32:46.761" level="INFO">Typing text 'tudo aqui do texto' into text field '//textarea[@id="address"]'.</msg>
<status status="PASS" starttime="20221028 10:32:46.760" endtime="20221028 10:32:47.004"/>
</kw>
<kw name="Wait Until Element Is Visible" library="SeleniumLibrary">
<arg>${formVar.Button_submit}</arg>
<arg>10</arg>
<doc>Waits until the element ``locator`` is visible.</doc>
<status status="PASS" starttime="20221028 10:32:47.005" endtime="20221028 10:32:47.089"/>
</kw>
<kw name="Click Element" library="SeleniumLibrary">
<arg>${formVar.Button_submit}</arg>
<doc>Click the element identified by ``locator``.</doc>
<msg timestamp="20221028 10:32:47.092" level="INFO">Clicking element '//button[@name="submit"]'.</msg>
<status status="PASS" starttime="20221028 10:32:47.089" endtime="20221028 10:32:47.262"/>
</kw>
<kw name="Wait Until Element Is Visible" library="SeleniumLibrary">
<arg>optionsRadios</arg>
<arg>10</arg>
<doc>Waits until the element ``locator`` is visible.</doc>
<status status="PASS" starttime="20221028 10:32:47.263" endtime="20221028 10:32:47.328"/>
</kw>
<kw name="Select Radio Button" library="SeleniumLibrary">
<arg>optionsRadios</arg>
<arg>option1</arg>
<doc>Sets the radio button group ``group_name`` to ``value``.</doc>
<msg timestamp="20221028 10:32:47.329" level="INFO">Selecting 'option1' from radio button 'optionsRadios'.</msg>
<status status="PASS" starttime="20221028 10:32:47.329" endtime="20221028 10:32:47.532"/>
</kw>
<kw name="Select Checkbox" library="SeleniumLibrary">
<arg>${formVar.Check_mondey}</arg>
<doc>Selects the checkbox identified by ``locator``.</doc>
<msg timestamp="20221028 10:32:47.536" level="INFO">Selecting checkbox '//input[@id="monday"]'.</msg>
<status status="PASS" starttime="20221028 10:32:47.533" endtime="20221028 10:32:47.721"/>
</kw>
<kw name="Select Checkbox" library="SeleniumLibrary">
<arg>${formVar.Check_tuesday}</arg>
<doc>Selects the checkbox identified by ``locator``.</doc>
<msg timestamp="20221028 10:32:47.723" level="INFO">Selecting checkbox '//input[@id="tuesday"]'.</msg>
<status status="PASS" starttime="20221028 10:32:47.721" endtime="20221028 10:32:47.907"/>
</kw>
<kw name="Select Checkbox" library="SeleniumLibrary">
<arg>${formVar.Check_wednesday}</arg>
<doc>Selects the checkbox identified by ``locator``.</doc>
<msg timestamp="20221028 10:32:47.909" level="INFO">Selecting checkbox '//input[@id="wednesday"]'.</msg>
<status status="PASS" starttime="20221028 10:32:47.908" endtime="20221028 10:32:48.076"/>
</kw>
<kw name="Unselect Checkbox" library="SeleniumLibrary">
<arg>${formVar.Check_wednesday}</arg>
<doc>Removes the selection of checkbox identified by ``locator``.</doc>
<msg timestamp="20221028 10:32:48.077" level="INFO">Unselecting checkbox '//input[@id="wednesday"]'.</msg>
<status status="PASS" starttime="20221028 10:32:48.076" endtime="20221028 10:32:48.193"/>
</kw>
<kw name="Select From List By Label" library="SeleniumLibrary">
<arg>${formVar.Drop_spain}</arg>
<arg>Spain</arg>
<doc>Selects options from selection list ``locator`` by ``labels``.</doc>
<msg timestamp="20221028 10:32:48.194" level="INFO">Selecting options from selection list '//select[@class="custom-select"]' by label Spain.</msg>
<status status="PASS" starttime="20221028 10:32:48.193" endtime="20221028 10:32:48.369"/>
</kw>
<kw name="Select From List By Index" library="SeleniumLibrary">
<arg>${formVar.Drop_spain}</arg>
<arg>3</arg>
<doc>Selects options from selection list ``locator`` by ``indexes``.</doc>
<msg timestamp="20221028 10:32:48.374" level="INFO">Selecting options from selection list '//select[@class="custom-select"]' by index 3.</msg>
<status status="PASS" starttime="20221028 10:32:48.370" endtime="20221028 10:32:48.692"/>
</kw>
<kw name="Wait Until Element Is Visible" library="SeleniumLibrary">
<arg>${formVar.Radio_year}</arg>
<arg>10</arg>
<doc>Waits until the element ``locator`` is visible.</doc>
<status status="PASS" starttime="20221028 10:32:48.693" endtime="20221028 10:32:48.736"/>
</kw>
<status status="PASS" starttime="20221028 10:32:43.521" endtime="20221028 10:32:48.737"/>
</kw>
<status status="PASS" starttime="20221028 10:32:35.657" endtime="20221028 10:32:48.738"/>
</test>
<status status="PASS" starttime="20221028 10:32:34.244" endtime="20221028 10:32:48.744"/>
</suite>
<statistics>
<total>
<stat pass="1" fail="0" skip="0">All Tests</stat>
</total>
<tag>
</tag>
<suite>
<stat pass="1" fail="0" skip="0" id="s1" name="Form">Form</stat>
</suite>
</statistics>
<errors>
</errors>
</robot>
