<?xml version="1.0" encoding="UTF-8"?>
<robot generator="Robot 5.0.1 (Python 3.10.6 on win32)" generated="20221028 11:35:33.429" rpa="false" schemaversion="3">
<suite id="s1" name="Form" source="C:\Users\RX UPA\Desktop\Gbj\Curso\QA\Qa01\Robot\Formulario02\suites\form\form.robot">
<test id="s1-t1" name="TC01 - Preenchendo formulario tools" line="7">
<kw name="Acessar o site" library="setup_teardow" type="SETUP">
<kw name="Dado que eu acesse site tools" library="form_page">
<kw name="Open Browser" library="SeleniumLibrary">
<arg>${geral.URL}</arg>
<arg>${geral.Browser}</arg>
<doc>Opens a new browser instance to the optional ``url``.</doc>
<msg timestamp="20221028 11:35:34.650" level="INFO">Opening browser 'chrome' to base url 'https://demoqa.com/automation-practice-form'.</msg>
<status status="PASS" starttime="20221028 11:35:34.642" endtime="20221028 11:35:43.633"/>
</kw>
<status status="PASS" starttime="20221028 11:35:34.641" endtime="20221028 11:35:43.633"/>
</kw>
<status status="PASS" starttime="20221028 11:35:34.640" endtime="20221028 11:35:43.633"/>
</kw>
<kw name="Dado que eu preencha os campos" library="form_page">
<kw name="Wait Until Element Is Visible" library="SeleniumLibrary">
<arg>${formVar.Input_firstName}</arg>
<arg>10</arg>
<doc>Waits until the element ``locator`` is visible.</doc>
<status status="PASS" starttime="20221028 11:35:43.638" endtime="20221028 11:35:43.709"/>
</kw>
<kw name="Input Text" library="SeleniumLibrary">
<arg>${formVar.Input_firstName}</arg>
<arg>Gabriel</arg>
<doc>Types the given ``text`` into the text field identified by ``locator``.</doc>
<msg timestamp="20221028 11:35:43.714" level="INFO">Typing text 'Gabriel' into text field '//input[@id="firstName"]'.</msg>
<status status="PASS" starttime="20221028 11:35:43.710" endtime="20221028 11:35:43.946"/>
</kw>
<kw name="Wait Until Element Is Visible" library="SeleniumLibrary">
<arg>${formVar.Input_lastName}</arg>
<arg>10</arg>
<doc>Waits until the element ``locator`` is visible.</doc>
<status status="PASS" starttime="20221028 11:35:43.946" endtime="20221028 11:35:44.050"/>
</kw>
<kw name="Input Text" library="SeleniumLibrary">
<arg>${formVar.Input_lastName}</arg>
<arg>Vasconcelos</arg>
<doc>Types the given ``text`` into the text field identified by ``locator``.</doc>
<msg timestamp="20221028 11:35:44.055" level="INFO">Typing text 'Vasconcelos' into text field '//input[@id="lastName"]'.</msg>
<status status="PASS" starttime="20221028 11:35:44.051" endtime="20221028 11:35:44.316"/>
</kw>
<kw name="Wait Until Element Is Visible" library="SeleniumLibrary">
<arg>${formVar.Input_userEmail}</arg>
<arg>10</arg>
<doc>Waits until the element ``locator`` is visible.</doc>
<status status="PASS" starttime="20221028 11:35:44.316" endtime="20221028 11:35:44.509"/>
</kw>
<kw name="Input Text" library="SeleniumLibrary">
<arg>${formVar.Input_userEmail}</arg>
<arg>gabriel@gabriel.com</arg>
<doc>Types the given ``text`` into the text field identified by ``locator``.</doc>
<msg timestamp="20221028 11:35:44.512" level="INFO">Typing text 'gabriel@gabriel.com' into text field '//input[@id="userEmail"]'.</msg>
<status status="PASS" starttime="20221028 11:35:44.510" endtime="20221028 11:35:44.797"/>
</kw>
<kw name="Wait Until Element Is Visible" library="SeleniumLibrary">
<arg>gender-radio-1</arg>
<arg>10</arg>
<doc>Waits until the element ``locator`` is visible.</doc>
<msg timestamp="20221028 11:35:55.177" level="INFO" html="true">&lt;/td&gt;&lt;/tr&gt;&lt;tr&gt;&lt;td colspan="3"&gt;&lt;a href="selenium-screenshot-5.png"&gt;&lt;img src="selenium-screenshot-5.png" width="800px"&gt;&lt;/a&gt;</msg>
<msg timestamp="20221028 11:35:55.178" level="FAIL">Element 'gender-radio-1' not visible after 10 seconds.</msg>
<status status="FAIL" starttime="20221028 11:35:44.798" endtime="20221028 11:35:55.182"/>
</kw>
<kw name="Select Radio Button" library="SeleniumLibrary">
<arg>gender-radio-1</arg>
<arg>Male</arg>
<doc>Sets the radio button group ``group_name`` to ``value``.</doc>
<status status="NOT RUN" starttime="20221028 11:35:55.183" endtime="20221028 11:35:55.183"/>
</kw>
<kw name="Wait Until Element Is Visible" library="SeleniumLibrary">
<arg>${formVar.Input_phone}</arg>
<arg>10</arg>
<doc>Waits until the element ``locator`` is visible.</doc>
<status status="NOT RUN" starttime="20221028 11:35:55.183" endtime="20221028 11:35:55.183"/>
</kw>
<kw name="Input Text" library="SeleniumLibrary">
<arg>${formVar.Input_phone}</arg>
<arg>9999999999</arg>
<doc>Types the given ``text`` into the text field identified by ``locator``.</doc>
<status status="NOT RUN" starttime="20221028 11:35:55.183" endtime="20221028 11:35:55.183"/>
</kw>
<kw name="Wait Until Element Is Visible" library="SeleniumLibrary">
<arg>${formVar.Button_submit}</arg>
<arg>10</arg>
<doc>Waits until the element ``locator`` is visible.</doc>
<status status="NOT RUN" starttime="20221028 11:35:55.184" endtime="20221028 11:35:55.184"/>
</kw>
<kw name="Click Element" library="SeleniumLibrary">
<arg>${formVar.Button_submit}</arg>
<doc>Click the element identified by ``locator``.</doc>
<status status="NOT RUN" starttime="20221028 11:35:55.184" endtime="20221028 11:35:55.184"/>
</kw>
<kw name="Select Checkbox" library="SeleniumLibrary">
<arg>${formVar.Check_mondey}</arg>
<doc>Selects the checkbox identified by ``locator``.</doc>
<status status="NOT RUN" starttime="20221028 11:35:55.184" endtime="20221028 11:35:55.184"/>
</kw>
<kw name="Select Checkbox" library="SeleniumLibrary">
<arg>${formVar.Check_tuesday}</arg>
<doc>Selects the checkbox identified by ``locator``.</doc>
<status status="NOT RUN" starttime="20221028 11:35:55.185" endtime="20221028 11:35:55.187"/>
</kw>
<kw name="Select Checkbox" library="SeleniumLibrary">
<arg>${formVar.Check_wednesday}</arg>
<doc>Selects the checkbox identified by ``locator``.</doc>
<status status="NOT RUN" starttime="20221028 11:35:55.188" endtime="20221028 11:35:55.188"/>
</kw>
<kw name="Unselect Checkbox" library="SeleniumLibrary">
<arg>${formVar.Check_wednesday}</arg>
<doc>Removes the selection of checkbox identified by ``locator``.</doc>
<status status="NOT RUN" starttime="20221028 11:35:55.188" endtime="20221028 11:35:55.188"/>
</kw>
<kw name="Select From List By Label" library="SeleniumLibrary">
<arg>${formVar.Drop_spain}</arg>
<arg>Spain</arg>
<doc>Selects options from selection list ``locator`` by ``labels``.</doc>
<status status="NOT RUN" starttime="20221028 11:35:55.188" endtime="20221028 11:35:55.189"/>
</kw>
<kw name="Select From List By Index" library="SeleniumLibrary">
<arg>${formVar.Drop_spain}</arg>
<arg>3</arg>
<doc>Selects options from selection list ``locator`` by ``indexes``.</doc>
<status status="NOT RUN" starttime="20221028 11:35:55.189" endtime="20221028 11:35:55.189"/>
</kw>
<kw name="Wait Until Element Is Visible" library="SeleniumLibrary">
<arg>${formVar.Radio_year}</arg>
<arg>10</arg>
<doc>Waits until the element ``locator`` is visible.</doc>
<status status="NOT RUN" starttime="20221028 11:35:55.189" endtime="20221028 11:35:55.189"/>
</kw>
<status status="FAIL" starttime="20221028 11:35:43.636" endtime="20221028 11:35:55.190"/>
</kw>
<status status="FAIL" starttime="20221028 11:35:34.637" endtime="20221028 11:35:55.194">Element 'gender-radio-1' not visible after 10 seconds.</status>
</test>
<status status="FAIL" starttime="20221028 11:35:33.436" endtime="20221028 11:35:55.208"/>
</suite>
<statistics>
<total>
<stat pass="0" fail="1" skip="0">All Tests</stat>
</total>
<tag>
</tag>
<suite>
<stat pass="0" fail="1" skip="0" id="s1" name="Form">Form</stat>
</suite>
</statistics>
<errors>
</errors>
</robot>
